<?xml version="1.0" encoding="UTF-8"?>
<testsuite name="com.fastcampus.projectboard2.FastCampusProjectBoard2ApplicationTests" tests="1" skipped="0" failures="0" errors="0" timestamp="2024-02-26T10:23:06" hostname="DESKTOP-E6L0J6B" time="0.91">
  <properties/>
  <testcase name="contextLoads()" classname="com.fastcampus.projectboard2.FastCampusProjectBoard2ApplicationTests" time="0.91"/>
  <system-out><![CDATA[19:23:03.996 [Test worker] INFO org.springframework.test.context.support.AnnotationConfigContextLoaderUtils -- Could not detect default configuration classes for test class [com.fastcampus.projectboard2.FastCampusProjectBoard2ApplicationTests]: FastCampusProjectBoard2ApplicationTests does not declare any static, non-private, non-final, nested classes annotated with @Configuration.
19:23:04.094 [Test worker] INFO org.springframework.boot.test.context.SpringBootTestContextBootstrapper -- Found @SpringBootConfiguration com.fastcampus.projectboard2.FastCampusProjectBoard2Application for test class com.fastcampus.projectboard2.FastCampusProjectBoard2ApplicationTests

  .   ____          _            __ _ _
 /\\ / ___'_ __ _ _(_)_ __  __ _ \ \ \ \
( ( )\___ | '_ | '_| | '_ \/ _` | \ \ \ \
 \\/  ___)| |_)| | | | | || (_| |  ) ) ) )
  '  |____| .__|_| |_|_| |_\__, | / / / /
 =========|_|==============|___/=/_/_/_/
 :: Spring Boot ::                (v3.2.3)

2024-02-26T19:23:04.443+09:00  INFO 13456 --- [    Test worker] .FastCampusProjectBoard2ApplicationTests : Starting FastCampusProjectBoard2ApplicationTests using Java 17.0.7 with PID 13456 (started by oycoy in C:\Users\oycoy\OneDrive\바탕 화면\spring\fastcampus-project-board2\fastcampus-project-board2)
2024-02-26T19:23:04.445+09:00  INFO 13456 --- [    Test worker] .FastCampusProjectBoard2ApplicationTests : No active profile set, falling back to 1 default profile: "default"
2024-02-26T19:23:06.026+09:00  INFO 13456 --- [    Test worker] o.s.b.a.e.web.EndpointLinksResolver      : Exposing 1 endpoint(s) beneath base path '/actuator'
2024-02-26T19:23:06.087+09:00  INFO 13456 --- [    Test worker] .FastCampusProjectBoard2ApplicationTests : Started FastCampusProjectBoard2ApplicationTests in 1.865 seconds (process running for 2.873)
]]></system-out>
  <system-err><![CDATA[]]></system-err>
</testsuite>
